{
  "RSpec": {
    "coverage": {
      "/Users/jorge/workspace/test-projects/session-feedback-service/spec/support/database_cleaner.rb": [
        1,
        null,
        1,
        17,
        null,
        null,
        1,
        0,
        null,
        null,
        1,
        17,
        null,
        null,
        1,
        17,
        null,
        null
      ],
      "/Users/jorge/workspace/test-projects/session-feedback-service/spec/controllers/feedbacks_controller_create_spec.rb": [
        1,
        4,
        4,
        null,
        1,
        1,
        1,
        null,
        1,
        null,
        null,
        null,
        1,
        1,
        1,
        null,
        1,
        null,
        null,
        1,
        1,
        null,
        1,
        null,
        null,
        null,
        1,
        1,
        1,
        1,
        null,
        1,
        1,
        null,
        null,
        null,
        1,
        null,
        1,
        5,
        null,
        null,
        1,
        null,
        null,
        null,
        5,
        null,
        null
      ],
      "/Users/jorge/workspace/test-projects/session-feedback-service/spec/controllers/feedbacks_controller_index_spec.rb": [
        1,
        null,
        1,
        null,
        3,
        null,
        null,
        3,
        null,
        null,
        3,
        30,
        30,
        30,
        null,
        null,
        null,
        1,
        1,
        1,
        null,
        null,
        1,
        1,
        null,
        1,
        1,
        null,
        null,
        1,
        1,
        null,
        1,
        1,
        null,
        null,
        null,
        1,
        2,
        null,
        null
      ],
      "/Users/jorge/workspace/test-projects/session-feedback-service/spec/models/feedback_spec.rb": [
        1,
        2,
        2,
        2,
        null,
        null,
        2,
        null,
        1,
        1,
        1,
        null,
        1,
        1,
        1,
        null,
        1,
        1,
        null,
        null,
        1,
        1,
        1,
        null,
        1,
        1,
        1,
        null,
        1,
        1,
        null,
        null
      ],
      "/Users/jorge/workspace/test-projects/session-feedback-service/app/models/feedback.rb": [
        1,
        1,
        1,
        null,
        1,
        1,
        1,
        null
      ],
      "/Users/jorge/workspace/test-projects/session-feedback-service/spec/models/session_spec.rb": [
        1,
        2,
        2,
        null
      ],
      "/Users/jorge/workspace/test-projects/session-feedback-service/app/models/session.rb": [
        1,
        1,
        1,
        null
      ],
      "/Users/jorge/workspace/test-projects/session-feedback-service/spec/models/user_spec.rb": [
        1,
        2,
        2,
        null
      ],
      "/Users/jorge/workspace/test-projects/session-feedback-service/app/models/user.rb": [
        1,
        1,
        1,
        null
      ],
      "/Users/jorge/workspace/test-projects/session-feedback-service/app/controllers/feedbacks_controller.rb": [
        1,
        1,
        null,
        1,
        2,
        null,
        2,
        1,
        null,
        1,
        null,
        null,
        2,
        null,
        null,
        1,
        5,
        4,
        null,
        2,
        null,
        null
      ],
      "/Users/jorge/workspace/test-projects/session-feedback-service/app/controllers/base_controller.rb": [
        1,
        1,
        null,
        1,
        null,
        4,
        null,
        null
      ],
      "/Users/jorge/workspace/test-projects/session-feedback-service/app/controllers/application_controller.rb": [
        1,
        1,
        null
      ],
      "/Users/jorge/workspace/test-projects/session-feedback-service/app/controllers/concerns/error_handler.rb": [
        1,
        1,
        null,
        1,
        1,
        1,
        null,
        1,
        1,
        null,
        null,
        1,
        2,
        null,
        null,
        null,
        1,
        null,
        null,
        null,
        null,
        null,
        null,
        null,
        null,
        null,
        3,
        null,
        null
      ],
      "/Users/jorge/workspace/test-projects/session-feedback-service/app/serializers/feedback_serializer.rb": [
        1,
        1,
        null,
        1,
        1,
        null
      ]
    },
    "timestamp": 1510845800
  }
}
